\BOOKMARK [0][-]{chapter.1}{Introdu\347\343o}{}% 1
\BOOKMARK [1][-]{section.1.1}{Objetivos}{chapter.1}% 2
\BOOKMARK [1][-]{section.1.2}{Justificativa}{chapter.1}% 3
\BOOKMARK [0][-]{chapter.2}{Trabalhos\040relacionados}{}% 4
\BOOKMARK [0][-]{chapter.3}{Revis\343o\040Bibliogr\341fica}{}% 5
\BOOKMARK [1][-]{section.3.1}{RoboCup}{chapter.3}% 6
\BOOKMARK [2][-]{subsection.3.1.1}{Small\040Size\040League}{section.3.1}% 7
\BOOKMARK [1][-]{section.3.2}{Sensores}{chapter.3}% 8
\BOOKMARK [2][-]{subsection.3.2.1}{Tipos\040de\040sensores}{section.3.2}% 9
\BOOKMARK [3][-]{subsubsection.3.2.1.1}{Sistema\040de\040c\342meras}{subsection.3.2.1}% 10
\BOOKMARK [3][-]{subsubsection.3.2.1.2}{Encoder}{subsection.3.2.1}% 11
\BOOKMARK [3][-]{subsubsection.3.2.1.3}{Girosc\363pio}{subsection.3.2.1}% 12
\BOOKMARK [3][-]{subsubsection.3.2.1.4}{Aceler\364metro}{subsection.3.2.1}% 13
\BOOKMARK [3][-]{subsubsection.3.2.1.5}{IMU\040\(Inertial\040Measurement\040Unit\)}{subsection.3.2.1}% 14
\BOOKMARK [1][-]{section.3.3}{Localiza\347\343o\040de\040rob\364s}{chapter.3}% 15
\BOOKMARK [2][-]{subsection.3.3.1}{Introdu\347\343o}{section.3.3}% 16
\BOOKMARK [2][-]{subsection.3.3.2}{Os\040desafios\040da\040localiza\347\343o}{section.3.3}% 17
\BOOKMARK [2][-]{subsection.3.3.3}{Informa\347\343o\040dispon\355vel}{section.3.3}% 18
\BOOKMARK [1][-]{section.3.4}{Fus\343o\040de\040sensores}{chapter.3}% 19
\BOOKMARK [2][-]{subsection.3.4.1}{Vantagens\040e\040Desvantagens}{section.3.4}% 20
\BOOKMARK [2][-]{subsection.3.4.2}{Classifica\347\343o\040de\040t\351cnicas}{section.3.4}% 21
\BOOKMARK [3][-]{subsubsection.3.4.2.1}{Classifica\347\343o\040baseada\040na\040rela\347\343o\040entre\040as\040fontes\040de\040dados}{subsection.3.4.2}% 22
\BOOKMARK [3][-]{subsubsection.3.4.2.2}{Classifica\347\343o\040em\040tr\352s\040n\355veis}{subsection.3.4.2}% 23
\BOOKMARK [3][-]{subsubsection.3.4.2.3}{Classifica\347\343o\040baseada\040na\040entrada\040e\040sa\355da\040do\040sistema}{subsection.3.4.2}% 24
\BOOKMARK [1][-]{section.3.5}{Filtro\040de\040Kalman}{chapter.3}% 25
\BOOKMARK [2][-]{subsection.3.5.1}{Introdu\347\343o}{section.3.5}% 26
\BOOKMARK [2][-]{subsection.3.5.2}{Premissas}{section.3.5}% 27
\BOOKMARK [3][-]{subsubsection.3.5.2.1}{Sistema\040din\342mico\040linear}{subsection.3.5.2}% 28
\BOOKMARK [3][-]{subsubsection.3.5.2.2}{Caracter\355sticas\040do\040ru\355do}{subsection.3.5.2}% 29
\BOOKMARK [2][-]{subsection.3.5.3}{Processo\040a\040ser\040estimado}{section.3.5}% 30
\BOOKMARK [2][-]{subsection.3.5.4}{Equa\347\365es}{section.3.5}% 31
\BOOKMARK [3][-]{subsubsection.3.5.4.1}{Predi\347\343o}{subsection.3.5.4}% 32
\BOOKMARK [3][-]{subsubsection.3.5.4.2}{Corre\347\343o}{subsection.3.5.4}% 33
\BOOKMARK [1][-]{section.3.6}{Filtro\040de\040Kalman\040estendido}{chapter.3}% 34
\BOOKMARK [0][-]{chapter.4}{Metodologia}{}% 35
\BOOKMARK [1][-]{section.4.1}{Dom\355nio\040de\040testes}{chapter.4}% 36
\BOOKMARK [1][-]{section.4.2}{Combina\347\343o\040dos\040sensores}{chapter.4}% 37
\BOOKMARK [1][-]{section.4.3}{Testes}{chapter.4}% 38
\BOOKMARK [1][-]{section.4.4}{Avalia\347\343o}{chapter.4}% 39
\BOOKMARK [0][-]{chapter.5}{Resultados\040Parciais}{}% 40
\BOOKMARK [0][-]{section*.18}{\040REFER\312NCIAS}{}% 41
